[7140:15812:0720/235503.461:WARNING:t_skinfilemap.cpp(63)] SGRenderLog:CheckUpdate newMem.OpenMem Suc, szNewMem:Local\sgime_skin.v5.filemap.sogouime
[7140:15812:0720/235503.461:WARNING:t_skinfilemap.cpp(65)] SGRenderLog:CheckUpdate finish: old version:1
[7140:15812:0720/235503.461:WARNING:t_skinfilemap.cpp(67)] SGRenderLog:CheckUpdate finish: new version:5
[20788:9672:0720/235709.009:WARNING:t_skinfilemap.cpp(63)] SGRenderLog:CheckUpdate newMem.OpenMem Suc, szNewMem:Local\sgime_skin.v5.filemap.sogouime
[20788:9672:0720/235709.010:WARNING:t_skinfilemap.cpp(65)] SGRenderLog:CheckUpdate finish: old version:1
[20788:9672:0720/235709.010:WARNING:t_skinfilemap.cpp(67)] SGRenderLog:CheckUpdate finish: new version:5
[1772:11912:0720/235731.222:WARNING:t_skinfilemap.cpp(63)] SGRenderLog:CheckUpdate newMem.OpenMem Suc, szNewMem:Local\sgime_skin.v5.filemap.sogouime
[1772:11912:0720/235731.227:WARNING:t_skinfilemap.cpp(65)] SGRenderLog:CheckUpdate finish: old version:1
[1772:11912:0720/235731.227:WARNING:t_skinfilemap.cpp(67)] SGRenderLog:CheckUpdate finish: new version:5
[19532:5392:0720/235759.055:WARNING:t_skinfilemap.cpp(56)] SGRenderLog:CheckUpdate newMem.OpenMem failed, szNewMem:Local\sgime_skin.v5.filemap.sogouime err:系统错误2: 系统找不到指定的文件。  
打开Filemap失败: Local\sgime_skin.v5.filemap.sogouime4595d4a24a7
[19532:5392:0720/235759.055:WARNING:t_skinfilemap.cpp(65)] SGRenderLog:CheckUpdate finish: old version:1
[19532:5392:0720/235759.055:WARNING:t_skinfilemap.cpp(67)] SGRenderLog:CheckUpdate finish: new version:5
[8156:11712:0721/000319.890:WARNING:t_skinfilemap.cpp(56)] SGRenderLog:CheckUpdate newMem.OpenMem failed, szNewMem:Local\sgime_skin.v5.filemap.sogouime err:系统错误2: 系统找不到指定的文件。  
打开Filemap失败: Local\sgime_skin.v5.filemap.sogouime4595d4a24a7
[8156:11712:0721/000319.890:WARNING:t_skinfilemap.cpp(65)] SGRenderLog:CheckUpdate finish: old version:1
[8156:11712:0721/000319.890:WARNING:t_skinfilemap.cpp(67)] SGRenderLog:CheckUpdate finish: new version:5
[11332:19744:0721/000444.650:WARNING:t_skinfilemap.cpp(56)] SGRenderLog:CheckUpdate newMem.OpenMem failed, szNewMem:Local\sgime_skin.v5.filemap.sogouime err:系统错误2: 系统找不到指定的文件。  
打开Filemap失败: Local\sgime_skin.v5.filemap.sogouime4595d4a24a7
[11332:19744:0721/000444.650:WARNING:t_skinfilemap.cpp(65)] SGRenderLog:CheckUpdate finish: old version:1
[11332:19744:0721/000444.650:WARNING:t_skinfilemap.cpp(67)] SGRenderLog:CheckUpdate finish: new version:5
[14428:18720:0721/000553.311:WARNING:t_skinfilemap.cpp(56)] SGRenderLog:CheckUpdate newMem.OpenMem failed, szNewMem:Local\sgime_skin.v5.filemap.sogouime err:系统错误2: 系统找不到指定的文件。  
打开Filemap失败: Local\sgime_skin.v5.filemap.sogouime4595d4a24a7
[14428:18720:0721/000553.311:WARNING:t_skinfilemap.cpp(65)] SGRenderLog:CheckUpdate finish: old version:1
[14428:18720:0721/000553.311:WARNING:t_skinfilemap.cpp(67)] SGRenderLog:CheckUpdate finish: new version:5
[16780:7176:0721/000610.982:WARNING:t_skinfilemap.cpp(63)] SGRenderLog:CheckUpdate newMem.OpenMem Suc, szNewMem:Local\sgime_skin.v5.filemap.sogouime
[16780:7176:0721/000610.982:WARNING:t_skinfilemap.cpp(65)] SGRenderLog:CheckUpdate finish: old version:1
[16780:7176:0721/000610.982:WARNING:t_skinfilemap.cpp(67)] SGRenderLog:CheckUpdate finish: new version:5
[7388:14432:0721/000812.432:WARNING:t_skinfilemap.cpp(56)] SGRenderLog:CheckUpdate newMem.OpenMem failed, szNewMem:Local\sgime_skin.v5.filemap.sogouime err:系统错误2: 系统找不到指定的文件。  
打开Filemap失败: Local\sgime_skin.v5.filemap.sogouime4595d4a24a7
[7388:14432:0721/000812.432:WARNING:t_skinfilemap.cpp(65)] SGRenderLog:CheckUpdate finish: old version:1
[7388:14432:0721/000812.432:WARNING:t_skinfilemap.cpp(67)] SGRenderLog:CheckUpdate finish: new version:5
[10004:18692:0721/001054.772:WARNING:t_skinfilemap.cpp(56)] SGRenderLog:CheckUpdate newMem.OpenMem failed, szNewMem:Local\sgime_skin.v5.filemap.sogouime err:系统错误2: 系统找不到指定的文件。  
打开Filemap失败: Local\sgime_skin.v5.filemap.sogouime4595d4a24a7
[10004:18692:0721/001054.772:WARNING:t_skinfilemap.cpp(65)] SGRenderLog:CheckUpdate finish: old version:1
[10004:18692:0721/001054.772:WARNING:t_skinfilemap.cpp(67)] SGRenderLog:CheckUpdate finish: new version:5
[2608:19960:0721/001217.799:WARNING:t_skinfilemap.cpp(56)] SGRenderLog:CheckUpdate newMem.OpenMem failed, szNewMem:Local\sgime_skin.v5.filemap.sogouime err:系统错误2: 系统找不到指定的文件。  
打开Filemap失败: Local\sgime_skin.v5.filemap.sogouime4595d4a24a7
[2608:19960:0721/001217.799:WARNING:t_skinfilemap.cpp(65)] SGRenderLog:CheckUpdate finish: old version:1
[2608:19960:0721/001217.799:WARNING:t_skinfilemap.cpp(67)] SGRenderLog:CheckUpdate finish: new version:5
[2404:17676:0721/001356.752:WARNING:t_skinfilemap.cpp(56)] SGRenderLog:CheckUpdate newMem.OpenMem failed, szNewMem:Local\sgime_skin.v5.filemap.sogouime err:系统错误2: 系统找不到指定的文件。  
打开Filemap失败: Local\sgime_skin.v5.filemap.sogouime4595d4a24a7
[2404:17676:0721/001356.753:WARNING:t_skinfilemap.cpp(65)] SGRenderLog:CheckUpdate finish: old version:1
[2404:17676:0721/001356.753:WARNING:t_skinfilemap.cpp(67)] SGRenderLog:CheckUpdate finish: new version:5
[20684:21144:0721/001636.458:WARNING:t_skinfilemap.cpp(56)] SGRenderLog:CheckUpdate newMem.OpenMem failed, szNewMem:Local\sgime_skin.v5.filemap.sogouime err:系统错误2: 系统找不到指定的文件。  
打开Filemap失败: Local\sgime_skin.v5.filemap.sogouime4595d4a24a7
[20684:21144:0721/001636.458:WARNING:t_skinfilemap.cpp(65)] SGRenderLog:CheckUpdate finish: old version:1
[20684:21144:0721/001636.458:WARNING:t_skinfilemap.cpp(67)] SGRenderLog:CheckUpdate finish: new version:5
[13696:10412:0721/004531.976:WARNING:t_skinfilemap.cpp(56)] SGRenderLog:CheckUpdate newMem.OpenMem failed, szNewMem:Local\sgime_skin.v5.filemap.sogouime err:系统错误2: 系统找不到指定的文件。  
打开Filemap失败: Local\sgime_skin.v5.filemap.sogouime4595d4a24a7
[13696:10412:0721/004531.976:WARNING:t_skinfilemap.cpp(65)] SGRenderLog:CheckUpdate finish: old version:1
[13696:10412:0721/004531.976:WARNING:t_skinfilemap.cpp(67)] SGRenderLog:CheckUpdate finish: new version:5
[18344:10556:0721/004630.904:WARNING:t_skinfilemap.cpp(56)] SGRenderLog:CheckUpdate newMem.OpenMem failed, szNewMem:Local\sgime_skin.v5.filemap.sogouime err:系统错误2: 系统找不到指定的文件。  
打开Filemap失败: Local\sgime_skin.v5.filemap.sogouime4595d4a24a7
[18344:10556:0721/004630.905:WARNING:t_skinfilemap.cpp(65)] SGRenderLog:CheckUpdate finish: old version:1
[18344:10556:0721/004630.905:WARNING:t_skinfilemap.cpp(67)] SGRenderLog:CheckUpdate finish: new version:5
[14728:11504:0721/004903.077:WARNING:t_skinfilemap.cpp(56)] SGRenderLog:CheckUpdate newMem.OpenMem failed, szNewMem:Local\sgime_skin.v5.filemap.sogouime err:系统错误2: 系统找不到指定的文件。  
打开Filemap失败: Local\sgime_skin.v5.filemap.sogouime4595d4a24a7
[14728:11504:0721/004903.078:WARNING:t_skinfilemap.cpp(65)] SGRenderLog:CheckUpdate finish: old version:1
[14728:11504:0721/004903.078:WARNING:t_skinfilemap.cpp(67)] SGRenderLog:CheckUpdate finish: new version:5
[20800:8948:0721/005038.836:WARNING:t_skinfilemap.cpp(56)] SGRenderLog:CheckUpdate newMem.OpenMem failed, szNewMem:Local\sgime_skin.v5.filemap.sogouime err:系统错误2: 系统找不到指定的文件。  
打开Filemap失败: Local\sgime_skin.v5.filemap.sogouime4595d4a24a7
[20800:8948:0721/005038.836:WARNING:t_skinfilemap.cpp(65)] SGRenderLog:CheckUpdate finish: old version:1
[20800:8948:0721/005038.836:WARNING:t_skinfilemap.cpp(67)] SGRenderLog:CheckUpdate finish: new version:5
[10968:13040:0721/005224.031:WARNING:t_skinfilemap.cpp(56)] SGRenderLog:CheckUpdate newMem.OpenMem failed, szNewMem:Local\sgime_skin.v5.filemap.sogouime err:系统错误2: 系统找不到指定的文件。  
打开Filemap失败: Local\sgime_skin.v5.filemap.sogouime4595d4a24a7
[10968:13040:0721/005224.031:WARNING:t_skinfilemap.cpp(65)] SGRenderLog:CheckUpdate finish: old version:1
[10968:13040:0721/005224.031:WARNING:t_skinfilemap.cpp(67)] SGRenderLog:CheckUpdate finish: new version:5
[16236:15884:0721/005303.993:WARNING:t_skinfilemap.cpp(56)] SGRenderLog:CheckUpdate newMem.OpenMem failed, szNewMem:Local\sgime_skin.v5.filemap.sogouime err:系统错误2: 系统找不到指定的文件。  
打开Filemap失败: Local\sgime_skin.v5.filemap.sogouime4595d4a24a7
[16236:15884:0721/005303.993:WARNING:t_skinfilemap.cpp(65)] SGRenderLog:CheckUpdate finish: old version:1
[16236:15884:0721/005303.993:WARNING:t_skinfilemap.cpp(67)] SGRenderLog:CheckUpdate finish: new version:5
[17144:18260:0721/005515.586:WARNING:t_skinfilemap.cpp(56)] SGRenderLog:CheckUpdate newMem.OpenMem failed, szNewMem:Local\sgime_skin.v5.filemap.sogouime err:系统错误2: 系统找不到指定的文件。  
打开Filemap失败: Local\sgime_skin.v5.filemap.sogouime4595d4a24a7
[17144:18260:0721/005515.588:WARNING:t_skinfilemap.cpp(65)] SGRenderLog:CheckUpdate finish: old version:1
[17144:18260:0721/005515.588:WARNING:t_skinfilemap.cpp(67)] SGRenderLog:CheckUpdate finish: new version:5
[17536:10096:0721/005603.557:WARNING:t_skinfilemap.cpp(56)] SGRenderLog:CheckUpdate newMem.OpenMem failed, szNewMem:Local\sgime_skin.v5.filemap.sogouime err:系统错误2: 系统找不到指定的文件。  
打开Filemap失败: Local\sgime_skin.v5.filemap.sogouime4595d4a24a7
[17536:10096:0721/005603.557:WARNING:t_skinfilemap.cpp(65)] SGRenderLog:CheckUpdate finish: old version:1
[17536:10096:0721/005603.557:WARNING:t_skinfilemap.cpp(67)] SGRenderLog:CheckUpdate finish: new version:5
[17992:16752:0721/005748.323:WARNING:t_skinfilemap.cpp(56)] SGRenderLog:CheckUpdate newMem.OpenMem failed, szNewMem:Local\sgime_skin.v5.filemap.sogouime err:系统错误2: 系统找不到指定的文件。  
打开Filemap失败: Local\sgime_skin.v5.filemap.sogouime4595d4a24a7
[17992:16752:0721/005748.323:WARNING:t_skinfilemap.cpp(65)] SGRenderLog:CheckUpdate finish: old version:1
[17992:16752:0721/005748.323:WARNING:t_skinfilemap.cpp(67)] SGRenderLog:CheckUpdate finish: new version:5
[17376:20984:0721/010013.145:WARNING:t_skinfilemap.cpp(56)] SGRenderLog:CheckUpdate newMem.OpenMem failed, szNewMem:Local\sgime_skin.v5.filemap.sogouime err:系统错误2: 系统找不到指定的文件。  
打开Filemap失败: Local\sgime_skin.v5.filemap.sogouime4595d4a24a7
[17376:20984:0721/010013.145:WARNING:t_skinfilemap.cpp(65)] SGRenderLog:CheckUpdate finish: old version:1
[17376:20984:0721/010013.145:WARNING:t_skinfilemap.cpp(67)] SGRenderLog:CheckUpdate finish: new version:5
[15244:5856:0721/010220.621:WARNING:t_skinfilemap.cpp(56)] SGRenderLog:CheckUpdate newMem.OpenMem failed, szNewMem:Local\sgime_skin.v5.filemap.sogouime err:系统错误2: 系统找不到指定的文件。  
打开Filemap失败: Local\sgime_skin.v5.filemap.sogouime4595d4a24a7
[15244:5856:0721/010220.621:WARNING:t_skinfilemap.cpp(65)] SGRenderLog:CheckUpdate finish: old version:1
[15244:5856:0721/010220.621:WARNING:t_skinfilemap.cpp(67)] SGRenderLog:CheckUpdate finish: new version:5
[10116:8740:0721/010611.533:WARNING:t_skinfilemap.cpp(56)] SGRenderLog:CheckUpdate newMem.OpenMem failed, szNewMem:Local\sgime_skin.v5.filemap.sogouime err:系统错误2: 系统找不到指定的文件。  
打开Filemap失败: Local\sgime_skin.v5.filemap.sogouime4595d4a24a7
[10116:8740:0721/010611.533:WARNING:t_skinfilemap.cpp(65)] SGRenderLog:CheckUpdate finish: old version:1
[10116:8740:0721/010611.533:WARNING:t_skinfilemap.cpp(67)] SGRenderLog:CheckUpdate finish: new version:5
[7204:13368:0721/010817.627:WARNING:t_skinfilemap.cpp(56)] SGRenderLog:CheckUpdate newMem.OpenMem failed, szNewMem:Local\sgime_skin.v5.filemap.sogouime err:系统错误2: 系统找不到指定的文件。  
打开Filemap失败: Local\sgime_skin.v5.filemap.sogouime4595d4a24a7
[7204:13368:0721/010817.627:WARNING:t_skinfilemap.cpp(65)] SGRenderLog:CheckUpdate finish: old version:1
[7204:13368:0721/010817.627:WARNING:t_skinfilemap.cpp(67)] SGRenderLog:CheckUpdate finish: new version:5
[9696:11736:0721/010931.458:WARNING:t_skinfilemap.cpp(56)] SGRenderLog:CheckUpdate newMem.OpenMem failed, szNewMem:Local\sgime_skin.v5.filemap.sogouime err:系统错误2: 系统找不到指定的文件。  
打开Filemap失败: Local\sgime_skin.v5.filemap.sogouime4595d4a24a7
[9696:11736:0721/010931.458:WARNING:t_skinfilemap.cpp(65)] SGRenderLog:CheckUpdate finish: old version:1
[9696:11736:0721/010931.458:WARNING:t_skinfilemap.cpp(67)] SGRenderLog:CheckUpdate finish: new version:5
[10104:18816:0721/011046.346:WARNING:t_skinfilemap.cpp(56)] SGRenderLog:CheckUpdate newMem.OpenMem failed, szNewMem:Local\sgime_skin.v5.filemap.sogouime err:系统错误2: 系统找不到指定的文件。  
打开Filemap失败: Local\sgime_skin.v5.filemap.sogouime4595d4a24a7
[10104:18816:0721/011046.346:WARNING:t_skinfilemap.cpp(65)] SGRenderLog:CheckUpdate finish: old version:1
[10104:18816:0721/011046.346:WARNING:t_skinfilemap.cpp(67)] SGRenderLog:CheckUpdate finish: new version:5
[14344:6312:0721/072550.017:WARNING:t_skinfilemap.cpp(56)] SGRenderLog:CheckUpdate newMem.OpenMem failed, szNewMem:Local\sgime_skin.v2.filemap.sogouime err:系统错误2: 系统找不到指定的文件。  
打开Filemap失败: Local\sgime_skin.v2.filemap.sogouime4595d4a24a7
[14344:6312:0721/072550.017:WARNING:t_skinfilemap.cpp(65)] SGRenderLog:CheckUpdate finish: old version:1
[14344:6312:0721/072550.017:WARNING:t_skinfilemap.cpp(67)] SGRenderLog:CheckUpdate finish: new version:2
[18060:6720:0721/072741.455:WARNING:t_skinfilemap.cpp(56)] SGRenderLog:CheckUpdate newMem.OpenMem failed, szNewMem:Local\sgime_skin.v2.filemap.sogouime err:系统错误2: 系统找不到指定的文件。  
打开Filemap失败: Local\sgime_skin.v2.filemap.sogouime4595d4a24a7
[18060:6720:0721/072741.455:WARNING:t_skinfilemap.cpp(65)] SGRenderLog:CheckUpdate finish: old version:1
[18060:6720:0721/072741.455:WARNING:t_skinfilemap.cpp(67)] SGRenderLog:CheckUpdate finish: new version:2
[16996:17852:0721/072925.434:WARNING:t_skinfilemap.cpp(56)] SGRenderLog:CheckUpdate newMem.OpenMem failed, szNewMem:Local\sgime_skin.v2.filemap.sogouime err:系统错误2: 系统找不到指定的文件。  
打开Filemap失败: Local\sgime_skin.v2.filemap.sogouime4595d4a24a7
[16996:17852:0721/072925.435:WARNING:t_skinfilemap.cpp(65)] SGRenderLog:CheckUpdate finish: old version:1
[16996:17852:0721/072925.435:WARNING:t_skinfilemap.cpp(67)] SGRenderLog:CheckUpdate finish: new version:2
[12236:9044:0721/073531.762:WARNING:t_skinfilemap.cpp(56)] SGRenderLog:CheckUpdate newMem.OpenMem failed, szNewMem:Local\sgime_skin.v2.filemap.sogouime err:系统错误2: 系统找不到指定的文件。  
打开Filemap失败: Local\sgime_skin.v2.filemap.sogouime4595d4a24a7
[12236:9044:0721/073531.762:WARNING:t_skinfilemap.cpp(65)] SGRenderLog:CheckUpdate finish: old version:1
[12236:9044:0721/073531.762:WARNING:t_skinfilemap.cpp(67)] SGRenderLog:CheckUpdate finish: new version:2
[5200:12044:0721/073736.485:WARNING:t_skinfilemap.cpp(56)] SGRenderLog:CheckUpdate newMem.OpenMem failed, szNewMem:Local\sgime_skin.v2.filemap.sogouime err:系统错误2: 系统找不到指定的文件。  
打开Filemap失败: Local\sgime_skin.v2.filemap.sogouime4595d4a24a7
[5200:12044:0721/073736.485:WARNING:t_skinfilemap.cpp(65)] SGRenderLog:CheckUpdate finish: old version:1
[5200:12044:0721/073736.485:WARNING:t_skinfilemap.cpp(67)] SGRenderLog:CheckUpdate finish: new version:2
[4888:4424:0721/073851.472:WARNING:t_skinfilemap.cpp(56)] SGRenderLog:CheckUpdate newMem.OpenMem failed, szNewMem:Local\sgime_skin.v2.filemap.sogouime err:系统错误2: 系统找不到指定的文件。  
打开Filemap失败: Local\sgime_skin.v2.filemap.sogouime4595d4a24a7
[4888:4424:0721/073851.472:WARNING:t_skinfilemap.cpp(65)] SGRenderLog:CheckUpdate finish: old version:1
[4888:4424:0721/073851.472:WARNING:t_skinfilemap.cpp(67)] SGRenderLog:CheckUpdate finish: new version:2
[15764:15636:0721/074026.073:WARNING:t_skinfilemap.cpp(56)] SGRenderLog:CheckUpdate newMem.OpenMem failed, szNewMem:Local\sgime_skin.v2.filemap.sogouime err:系统错误2: 系统找不到指定的文件。  
打开Filemap失败: Local\sgime_skin.v2.filemap.sogouime4595d4a24a7
[15764:15636:0721/074026.073:WARNING:t_skinfilemap.cpp(65)] SGRenderLog:CheckUpdate finish: old version:1
[15764:15636:0721/074026.073:WARNING:t_skinfilemap.cpp(67)] SGRenderLog:CheckUpdate finish: new version:2
[10292:3656:0721/074126.543:WARNING:t_skinfilemap.cpp(56)] SGRenderLog:CheckUpdate newMem.OpenMem failed, szNewMem:Local\sgime_skin.v2.filemap.sogouime err:系统错误2: 系统找不到指定的文件。  
打开Filemap失败: Local\sgime_skin.v2.filemap.sogouime4595d4a24a7
[10292:3656:0721/074126.543:WARNING:t_skinfilemap.cpp(65)] SGRenderLog:CheckUpdate finish: old version:1
[10292:3656:0721/074126.543:WARNING:t_skinfilemap.cpp(67)] SGRenderLog:CheckUpdate finish: new version:2
[12868:16456:0721/074347.190:WARNING:t_skinfilemap.cpp(56)] SGRenderLog:CheckUpdate newMem.OpenMem failed, szNewMem:Local\sgime_skin.v2.filemap.sogouime err:系统错误2: 系统找不到指定的文件。  
打开Filemap失败: Local\sgime_skin.v2.filemap.sogouime4595d4a24a7
[12868:16456:0721/074347.190:WARNING:t_skinfilemap.cpp(65)] SGRenderLog:CheckUpdate finish: old version:1
[12868:16456:0721/074347.190:WARNING:t_skinfilemap.cpp(67)] SGRenderLog:CheckUpdate finish: new version:2
[7764:18404:0721/074542.583:WARNING:t_skinfilemap.cpp(56)] SGRenderLog:CheckUpdate newMem.OpenMem failed, szNewMem:Local\sgime_skin.v2.filemap.sogouime err:系统错误2: 系统找不到指定的文件。  
打开Filemap失败: Local\sgime_skin.v2.filemap.sogouime4595d4a24a7
[7764:18404:0721/074542.584:WARNING:t_skinfilemap.cpp(65)] SGRenderLog:CheckUpdate finish: old version:1
[7764:18404:0721/074542.584:WARNING:t_skinfilemap.cpp(67)] SGRenderLog:CheckUpdate finish: new version:2
